<?xml version="1.0" encoding="UTF-8"?>
<!-- Generated by org.testng.reporters.JUnitXMLReporter -->
<testsuite hostname="DESKTOP-J80IKB4" name="Default test" tests="13" failures="0" timestamp="17 Sep 2020 22:41:35 GMT" time="41.261" errors="0">
  <testcase name="BasePageNavigation" time="12.528" classname="Testinium.TrendyolProject.EndToEndTesting"/>
  <testcase name="ValidateLandingPage" time="0.412" classname="Testinium.TrendyolProject.EndToEndTesting"/>
  <testcase name="SignInActions" time="1.859" classname="Testinium.TrendyolProject.EndToEndTesting"/>
  <testcase name="ValidateLoginPage" time="3.223" classname="Testinium.TrendyolProject.EndToEndTesting"/>
  <testcase name="SearchProductByName" time="0.197" classname="Testinium.TrendyolProject.EndToEndTesting"/>
  <testcase name="ClickSearchProduct" time="5.12" classname="Testinium.TrendyolProject.EndToEndTesting"/>
  <testcase name="ClickSelectedProduct" time="2.972" classname="Testinium.TrendyolProject.EndToEndTesting"/>
  <testcase name="AddtheItemtoBasket" time="2.21" classname="Testinium.TrendyolProject.EndToEndTesting"/>
  <testcase name="GoToBasketPage" time="5.316" classname="Testinium.TrendyolProject.EndToEndTesting"/>
  <testcase name="SelectedItemAddedMore" time="1.033" classname="Testinium.TrendyolProject.EndToEndTesting"/>
  <testcase name="EmptyTheBasket" time="3.09" classname="Testinium.TrendyolProject.EndToEndTesting"/>
  <testcase name="PopupClickErase" time="0.173" classname="Testinium.TrendyolProject.EndToEndTesting"/>
  <testcase name="ValidateBasketEmptyOrNot" time="3.068" classname="Testinium.TrendyolProject.EndToEndTesting"/>
</testsuite> <!-- Default test -->
